[INFO] Fixing docker-compose.yml file...
[INFO] docker-compose.yml file fixed and validated successfully.
[INFO] Fixing docker-compose.yml file...
[INFO] docker-compose.yml file fixed and validated successfully.
[INFO] Fixing docker-compose.yml file...
[INFO] docker-compose.yml file fixed and validated successfully.
[INFO] Fixing docker-compose.yml file...
[INFO] docker-compose.yml file fixed and validated successfully.
[ERROR] Required function 'install_openslides' is missing. Ensure all scripts are sourced correctly.
[INFO] Fixing docker-compose.yml file...
[INFO] docker-compose.yml file fixed and validated successfully.
[DEBUG] Debug mode enabled
[INFO] Fixing docker-compose.yml file...
[INFO] docker-compose.yml file fixed and validated successfully.
[INFO] Fixing docker-compose.yml file...
[INFO] docker-compose.yml file fixed and validated successfully.
[INFO] Fixing docker-compose.yml file...
[INFO] docker-compose.yml file fixed and validated successfully.
[INFO] Upgrading OpenSlides...
[INFO] Pulling Docker images using /opt/openslides/docker-compose.yml...
[INFO] Docker images pulled successfully.
[INFO] Recreating Docker services using /opt/openslides/docker-compose.yml...
[INFO] Stopping Docker services using /opt/openslides/docker-compose.yml...
[INFO] Docker services stopped successfully.
[INFO] Starting Docker services using /opt/openslides/docker-compose.yml...
[INFO] Docker services started successfully.
[INFO] Docker services recreated successfully.
[INFO] OpenSlides upgraded successfully.
[INFO] Fixing docker-compose.yml file...
[INFO] docker-compose.yml file fixed and validated successfully.
[INFO] Diagnosing OpenSlides installation...
[INFO] Checking Docker container status...
[INFO] Docker container status retrieved successfully.
[INFO] Checking OpenSlides server...
[ERROR] OpenSlides server check failed.
[INFO] Fixing docker-compose.yml file...
[INFO] docker-compose.yml file fixed and validated successfully.
[INFO] Upgrading OpenSlides...
[INFO] Pulling Docker images using /opt/openslides/docker-compose.yml...
[INFO] Docker images pulled successfully.
[INFO] Recreating Docker services using /opt/openslides/docker-compose.yml...
[INFO] Stopping Docker services using /opt/openslides/docker-compose.yml...
[INFO] Docker services stopped successfully.
[INFO] Starting Docker services using /opt/openslides/docker-compose.yml...
[INFO] Docker services started successfully.
[INFO] Docker services recreated successfully.
[INFO] OpenSlides upgraded successfully.
